INFO:root:程序启动
DEBUG:root:Resource path for music/start_music.mp3: D:\pythontest\flappy_bird\music/start_music.mp3
DEBUG:root:Resource path for sound/jump.mp3: D:\pythontest\flappy_bird\sound/jump.mp3
DEBUG:root:Resource path for sound/coin.mp3: D:\pythontest\flappy_bird\sound/coin.mp3
DEBUG:root:Resource path for sound/game_over.mp3: D:\pythontest\flappy_bird\sound/game_over.mp3
DEBUG:root:Resource path for pic/bird.png: D:\pythontest\flappy_bird\pic/bird.png
DEBUG:root:Resource path for pic/tube_up.png: D:\pythontest\flappy_bird\pic/tube_up.png
DEBUG:root:Resource path for pic/tube_down.png: D:\pythontest\flappy_bird\pic/tube_down.png
DEBUG:root:Resource path for pic/coin.png: D:\pythontest\flappy_bird\pic/coin.png
DEBUG:root:Resource path for pic/restart_button.png: D:\pythontest\flappy_bird\pic/restart_button.png
DEBUG:root:Resource path for pic/frame1.png: D:\pythontest\flappy_bird\pic/frame1.png
DEBUG:root:Resource path for pic/frame2.png: D:\pythontest\flappy_bird\pic/frame2.png
DEBUG:root:Resource path for pic/frame3.png: D:\pythontest\flappy_bird\pic/frame3.png
DEBUG:root:Resource path for pic/start_button.png: D:\pythontest\flappy_bird\pic/start_button.png
DEBUG:root:Resource path for pic/background.png: D:\pythontest\flappy_bird\pic/background.png
INFO:root:程序启动
DEBUG:root:Resource path for music/start_music.mp3: D:\pythontest\flappy_bird\music/start_music.mp3
DEBUG:root:Resource path for sound/jump.mp3: D:\pythontest\flappy_bird\sound/jump.mp3
DEBUG:root:Resource path for sound/coin.mp3: D:\pythontest\flappy_bird\sound/coin.mp3
DEBUG:root:Resource path for sound/game_over.mp3: D:\pythontest\flappy_bird\sound/game_over.mp3
DEBUG:root:Resource path for pic/bird.png: D:\pythontest\flappy_bird\pic/bird.png
DEBUG:root:Resource path for pic/tube_up.png: D:\pythontest\flappy_bird\pic/tube_up.png
DEBUG:root:Resource path for pic/tube_down.png: D:\pythontest\flappy_bird\pic/tube_down.png
DEBUG:root:Resource path for pic/coin.png: D:\pythontest\flappy_bird\pic/coin.png
DEBUG:root:Resource path for pic/restart_button.png: D:\pythontest\flappy_bird\pic/restart_button.png
DEBUG:root:Resource path for pic/frame1.png: D:\pythontest\flappy_bird\pic/frame1.png
DEBUG:root:Resource path for pic/frame2.png: D:\pythontest\flappy_bird\pic/frame2.png
DEBUG:root:Resource path for pic/frame3.png: D:\pythontest\flappy_bird\pic/frame3.png
DEBUG:root:Resource path for pic/start_button.png: D:\pythontest\flappy_bird\pic/start_button.png
DEBUG:root:Resource path for pic/background.png: D:\pythontest\flappy_bird\pic/background.png
DEBUG:root:Resource path for music/game_music.mp3: D:\pythontest\flappy_bird\music/game_music.mp3
INFO:root:程序启动
DEBUG:root:Resource path for music/start_music.mp3: D:\pythontest\flappy_bird\music/start_music.mp3
DEBUG:root:Resource path for sound/jump.mp3: D:\pythontest\flappy_bird\sound/jump.mp3
DEBUG:root:Resource path for sound/coin.mp3: D:\pythontest\flappy_bird\sound/coin.mp3
DEBUG:root:Resource path for sound/game_over.mp3: D:\pythontest\flappy_bird\sound/game_over.mp3
DEBUG:root:Resource path for pic/bird.png: D:\pythontest\flappy_bird\pic/bird.png
DEBUG:root:Resource path for pic/tube_up.png: D:\pythontest\flappy_bird\pic/tube_up.png
DEBUG:root:Resource path for pic/tube_down.png: D:\pythontest\flappy_bird\pic/tube_down.png
DEBUG:root:Resource path for pic/coin.png: D:\pythontest\flappy_bird\pic/coin.png
DEBUG:root:Resource path for pic/restart_button.png: D:\pythontest\flappy_bird\pic/restart_button.png
DEBUG:root:Resource path for pic/frame1.png: D:\pythontest\flappy_bird\pic/frame1.png
DEBUG:root:Resource path for pic/frame2.png: D:\pythontest\flappy_bird\pic/frame2.png
DEBUG:root:Resource path for pic/frame3.png: D:\pythontest\flappy_bird\pic/frame3.png
DEBUG:root:Resource path for pic/start_button.png: D:\pythontest\flappy_bird\pic/start_button.png
DEBUG:root:Resource path for pic/background.png: D:\pythontest\flappy_bird\pic/background.png
INFO:root:程序启动
DEBUG:root:Resource path for music/start_music.mp3: D:\pythontest\flappy_bird\music/start_music.mp3
DEBUG:root:Resource path for sound/jump.mp3: D:\pythontest\flappy_bird\sound/jump.mp3
DEBUG:root:Resource path for sound/coin.mp3: D:\pythontest\flappy_bird\sound/coin.mp3
DEBUG:root:Resource path for sound/game_over.mp3: D:\pythontest\flappy_bird\sound/game_over.mp3
DEBUG:root:Resource path for pic/bird.png: D:\pythontest\flappy_bird\pic/bird.png
DEBUG:root:Resource path for pic/tube_up.png: D:\pythontest\flappy_bird\pic/tube_up.png
DEBUG:root:Resource path for pic/tube_down.png: D:\pythontest\flappy_bird\pic/tube_down.png
DEBUG:root:Resource path for pic/coin.png: D:\pythontest\flappy_bird\pic/coin.png
DEBUG:root:Resource path for pic/restart_button.png: D:\pythontest\flappy_bird\pic/restart_button.png
DEBUG:root:Resource path for pic/frame1.png: D:\pythontest\flappy_bird\pic/frame1.png
DEBUG:root:Resource path for pic/frame2.png: D:\pythontest\flappy_bird\pic/frame2.png
DEBUG:root:Resource path for pic/frame3.png: D:\pythontest\flappy_bird\pic/frame3.png
DEBUG:root:Resource path for pic/start_button.png: D:\pythontest\flappy_bird\pic/start_button.png
DEBUG:root:Resource path for pic/background.png: D:\pythontest\flappy_bird\pic/background.png
INFO:root:程序启动
DEBUG:root:Resource path for music/start_music.mp3: D:\pythontest\flappy_bird\music/start_music.mp3
DEBUG:root:Resource path for sound/jump.mp3: D:\pythontest\flappy_bird\sound/jump.mp3
DEBUG:root:Resource path for sound/coin.mp3: D:\pythontest\flappy_bird\sound/coin.mp3
DEBUG:root:Resource path for sound/game_over.mp3: D:\pythontest\flappy_bird\sound/game_over.mp3
DEBUG:root:Resource path for pic/bird.png: D:\pythontest\flappy_bird\pic/bird.png
DEBUG:root:Resource path for pic/tube_up.png: D:\pythontest\flappy_bird\pic/tube_up.png
DEBUG:root:Resource path for pic/tube_down.png: D:\pythontest\flappy_bird\pic/tube_down.png
DEBUG:root:Resource path for pic/coin.png: D:\pythontest\flappy_bird\pic/coin.png
DEBUG:root:Resource path for pic/restart_button.png: D:\pythontest\flappy_bird\pic/restart_button.png
DEBUG:root:Resource path for pic/frame1.png: D:\pythontest\flappy_bird\pic/frame1.png
DEBUG:root:Resource path for pic/frame2.png: D:\pythontest\flappy_bird\pic/frame2.png
DEBUG:root:Resource path for pic/frame3.png: D:\pythontest\flappy_bird\pic/frame3.png
DEBUG:root:Resource path for pic/start_button.png: D:\pythontest\flappy_bird\pic/start_button.png
DEBUG:root:Resource path for pic/background.png: D:\pythontest\flappy_bird\pic/background.png
DEBUG:root:Resource path for music/game_music.mp3: D:\pythontest\flappy_bird\music/game_music.mp3
INFO:root:程序启动
DEBUG:root:Resource path for music/start_music.mp3: D:\pythontest\flappy_bird\music/start_music.mp3
DEBUG:root:Resource path for sound/jump.mp3: D:\pythontest\flappy_bird\sound/jump.mp3
DEBUG:root:Resource path for sound/coin.mp3: D:\pythontest\flappy_bird\sound/coin.mp3
DEBUG:root:Resource path for sound/game_over.mp3: D:\pythontest\flappy_bird\sound/game_over.mp3
DEBUG:root:Resource path for pic/bird.png: D:\pythontest\flappy_bird\pic/bird.png
DEBUG:root:Resource path for pic/tube_up.png: D:\pythontest\flappy_bird\pic/tube_up.png
DEBUG:root:Resource path for pic/tube_down.png: D:\pythontest\flappy_bird\pic/tube_down.png
DEBUG:root:Resource path for pic/coin.png: D:\pythontest\flappy_bird\pic/coin.png
DEBUG:root:Resource path for pic/restart_button.png: D:\pythontest\flappy_bird\pic/restart_button.png
DEBUG:root:Resource path for pic/animated_background.gif: D:\pythontest\flappy_bird\pic/animated_background.gif
INFO:root:程序启动
DEBUG:root:Resource path for music/start_music.mp3: D:\pythontest\flappy_bird\music/start_music.mp3
DEBUG:root:Resource path for sound/jump.mp3: D:\pythontest\flappy_bird\sound/jump.mp3
DEBUG:root:Resource path for sound/coin.mp3: D:\pythontest\flappy_bird\sound/coin.mp3
DEBUG:root:Resource path for sound/game_over.mp3: D:\pythontest\flappy_bird\sound/game_over.mp3
DEBUG:root:Resource path for pic/bird.png: D:\pythontest\flappy_bird\pic/bird.png
DEBUG:root:Resource path for pic/tube_up.png: D:\pythontest\flappy_bird\pic/tube_up.png
DEBUG:root:Resource path for pic/tube_down.png: D:\pythontest\flappy_bird\pic/tube_down.png
DEBUG:root:Resource path for pic/coin.png: D:\pythontest\flappy_bird\pic/coin.png
DEBUG:root:Resource path for pic/restart_button.png: D:\pythontest\flappy_bird\pic/restart_button.png
DEBUG:root:Resource path for pic/animated_background.gif: D:\pythontest\flappy_bird\pic/animated_background.gif
INFO:root:程序启动
DEBUG:root:Resource path for music/start_music.mp3: D:\pythontest\flappy_bird\music/start_music.mp3
DEBUG:root:Resource path for sound/jump.mp3: D:\pythontest\flappy_bird\sound/jump.mp3
DEBUG:root:Resource path for sound/coin.mp3: D:\pythontest\flappy_bird\sound/coin.mp3
DEBUG:root:Resource path for sound/game_over.mp3: D:\pythontest\flappy_bird\sound/game_over.mp3
DEBUG:root:Resource path for pic/bird.png: D:\pythontest\flappy_bird\pic/bird.png
DEBUG:root:Resource path for pic/tube_up.png: D:\pythontest\flappy_bird\pic/tube_up.png
DEBUG:root:Resource path for pic/tube_down.png: D:\pythontest\flappy_bird\pic/tube_down.png
DEBUG:root:Resource path for pic/coin.png: D:\pythontest\flappy_bird\pic/coin.png
DEBUG:root:Resource path for pic/restart_button.png: D:\pythontest\flappy_bird\pic/restart_button.png
DEBUG:root:Resource path for pic/animated_background.gif: D:\pythontest\flappy_bird\pic/animated_background.gif
DEBUG:root:Resource path for pic/frame1.png: D:\pythontest\flappy_bird\pic/frame1.png
DEBUG:root:Resource path for pic/frame2.png: D:\pythontest\flappy_bird\pic/frame2.png
DEBUG:root:Resource path for pic/frame3.png: D:\pythontest\flappy_bird\pic/frame3.png
DEBUG:root:Resource path for pic/start_button.png: D:\pythontest\flappy_bird\pic/start_button.png
DEBUG:root:Resource path for pic/background.png: D:\pythontest\flappy_bird\pic/background.png
INFO:root:程序启动
DEBUG:root:Resource path for music/start_music.mp3: D:\pythontest\flappy_bird\music/start_music.mp3
DEBUG:root:Resource path for sound/jump.mp3: D:\pythontest\flappy_bird\sound/jump.mp3
DEBUG:root:Resource path for sound/coin.mp3: D:\pythontest\flappy_bird\sound/coin.mp3
DEBUG:root:Resource path for sound/game_over.mp3: D:\pythontest\flappy_bird\sound/game_over.mp3
DEBUG:root:Resource path for pic/bird.png: D:\pythontest\flappy_bird\pic/bird.png
DEBUG:root:Resource path for pic/tube_up.png: D:\pythontest\flappy_bird\pic/tube_up.png
DEBUG:root:Resource path for pic/tube_down.png: D:\pythontest\flappy_bird\pic/tube_down.png
DEBUG:root:Resource path for pic/coin.png: D:\pythontest\flappy_bird\pic/coin.png
DEBUG:root:Resource path for pic/restart_button.png: D:\pythontest\flappy_bird\pic/restart_button.png
DEBUG:root:Resource path for pic/animated_background.gif: D:\pythontest\flappy_bird\pic/animated_background.gif
DEBUG:root:Resource path for pic/frame1.png: D:\pythontest\flappy_bird\pic/frame1.png
DEBUG:root:Resource path for pic/frame2.png: D:\pythontest\flappy_bird\pic/frame2.png
DEBUG:root:Resource path for pic/frame3.png: D:\pythontest\flappy_bird\pic/frame3.png
DEBUG:root:Resource path for pic/start_button.png: D:\pythontest\flappy_bird\pic/start_button.png
DEBUG:root:Resource path for pic/background.png: D:\pythontest\flappy_bird\pic/background.png
INFO:root:程序启动
DEBUG:root:Resource path for music/start_music.mp3: D:\pythontest\flappy_bird\music/start_music.mp3
DEBUG:root:Resource path for sound/jump.mp3: D:\pythontest\flappy_bird\sound/jump.mp3
DEBUG:root:Resource path for sound/coin.mp3: D:\pythontest\flappy_bird\sound/coin.mp3
DEBUG:root:Resource path for sound/game_over.mp3: D:\pythontest\flappy_bird\sound/game_over.mp3
DEBUG:root:Resource path for pic/bird.png: D:\pythontest\flappy_bird\pic/bird.png
DEBUG:root:Resource path for pic/tube_up.png: D:\pythontest\flappy_bird\pic/tube_up.png
DEBUG:root:Resource path for pic/tube_down.png: D:\pythontest\flappy_bird\pic/tube_down.png
DEBUG:root:Resource path for pic/coin.png: D:\pythontest\flappy_bird\pic/coin.png
DEBUG:root:Resource path for pic/restart_button.png: D:\pythontest\flappy_bird\pic/restart_button.png
DEBUG:root:Resource path for pic/animated_background.gif: D:\pythontest\flappy_bird\pic/animated_background.gif
DEBUG:root:Resource path for pic/frame1.png: D:\pythontest\flappy_bird\pic/frame1.png
DEBUG:root:Resource path for pic/frame2.png: D:\pythontest\flappy_bird\pic/frame2.png
DEBUG:root:Resource path for pic/frame3.png: D:\pythontest\flappy_bird\pic/frame3.png
DEBUG:root:Resource path for pic/start_button.png: D:\pythontest\flappy_bird\pic/start_button.png
DEBUG:root:Resource path for pic/background.png: D:\pythontest\flappy_bird\pic/background.png
INFO:root:程序启动
DEBUG:root:Resource path for music/start_music.mp3: D:\pythontest\flappy_bird\music/start_music.mp3
DEBUG:root:Resource path for sound/jump.mp3: D:\pythontest\flappy_bird\sound/jump.mp3
DEBUG:root:Resource path for sound/coin.mp3: D:\pythontest\flappy_bird\sound/coin.mp3
DEBUG:root:Resource path for sound/game_over.mp3: D:\pythontest\flappy_bird\sound/game_over.mp3
DEBUG:root:Resource path for pic/bird.png: D:\pythontest\flappy_bird\pic/bird.png
DEBUG:root:Resource path for pic/tube_up.png: D:\pythontest\flappy_bird\pic/tube_up.png
DEBUG:root:Resource path for pic/tube_down.png: D:\pythontest\flappy_bird\pic/tube_down.png
DEBUG:root:Resource path for pic/coin.png: D:\pythontest\flappy_bird\pic/coin.png
DEBUG:root:Resource path for pic/restart_button.png: D:\pythontest\flappy_bird\pic/restart_button.png
DEBUG:root:Resource path for pic/animated_background.gif: D:\pythontest\flappy_bird\pic/animated_background.gif
DEBUG:root:Resource path for pic/frame1.png: D:\pythontest\flappy_bird\pic/frame1.png
DEBUG:root:Resource path for pic/frame2.png: D:\pythontest\flappy_bird\pic/frame2.png
DEBUG:root:Resource path for pic/frame3.png: D:\pythontest\flappy_bird\pic/frame3.png
DEBUG:root:Resource path for pic/start_button.png: D:\pythontest\flappy_bird\pic/start_button.png
DEBUG:root:Resource path for pic/background.png: D:\pythontest\flappy_bird\pic/background.png
INFO:root:程序启动
DEBUG:root:Resource path for music/start_music.mp3: D:\pythontest\flappy_bird\music/start_music.mp3
DEBUG:root:Resource path for sound/jump.mp3: D:\pythontest\flappy_bird\sound/jump.mp3
DEBUG:root:Resource path for sound/coin.mp3: D:\pythontest\flappy_bird\sound/coin.mp3
DEBUG:root:Resource path for sound/game_over.mp3: D:\pythontest\flappy_bird\sound/game_over.mp3
DEBUG:root:Resource path for pic/bird.png: D:\pythontest\flappy_bird\pic/bird.png
DEBUG:root:Resource path for pic/tube_up.png: D:\pythontest\flappy_bird\pic/tube_up.png
DEBUG:root:Resource path for pic/tube_down.png: D:\pythontest\flappy_bird\pic/tube_down.png
DEBUG:root:Resource path for pic/coin.png: D:\pythontest\flappy_bird\pic/coin.png
DEBUG:root:Resource path for pic/restart_button.png: D:\pythontest\flappy_bird\pic/restart_button.png
DEBUG:root:Resource path for pic/animated_background.gif: D:\pythontest\flappy_bird\pic/animated_background.gif
DEBUG:root:Resource path for pic/frame1.png: D:\pythontest\flappy_bird\pic/frame1.png
DEBUG:root:Resource path for pic/frame2.png: D:\pythontest\flappy_bird\pic/frame2.png
DEBUG:root:Resource path for pic/frame3.png: D:\pythontest\flappy_bird\pic/frame3.png
DEBUG:root:Resource path for pic/start_button.png: D:\pythontest\flappy_bird\pic/start_button.png
DEBUG:root:Resource path for pic/background.png: D:\pythontest\flappy_bird\pic/background.png
DEBUG:root:Resource path for music/game_music.mp3: D:\pythontest\flappy_bird\music/game_music.mp3
INFO:root:程序启动
DEBUG:root:Resource path for music/start_music.mp3: D:\pythontest\flappy_bird\music/start_music.mp3
DEBUG:root:Resource path for sound/jump.mp3: D:\pythontest\flappy_bird\sound/jump.mp3
DEBUG:root:Resource path for sound/coin.mp3: D:\pythontest\flappy_bird\sound/coin.mp3
DEBUG:root:Resource path for sound/game_over.mp3: D:\pythontest\flappy_bird\sound/game_over.mp3
DEBUG:root:Resource path for pic/bird.png: D:\pythontest\flappy_bird\pic/bird.png
DEBUG:root:Resource path for pic/tube_up.png: D:\pythontest\flappy_bird\pic/tube_up.png
DEBUG:root:Resource path for pic/tube_down.png: D:\pythontest\flappy_bird\pic/tube_down.png
DEBUG:root:Resource path for pic/coin.png: D:\pythontest\flappy_bird\pic/coin.png
DEBUG:root:Resource path for pic/restart_button.png: D:\pythontest\flappy_bird\pic/restart_button.png
DEBUG:root:Resource path for pic/animated_background.gif: D:\pythontest\flappy_bird\pic/animated_background.gif
DEBUG:root:Resource path for pic/start_button.png: D:\pythontest\flappy_bird\pic/start_button.png
DEBUG:root:Resource path for pic/background.png: D:\pythontest\flappy_bird\pic/background.png
DEBUG:root:Resource path for music/game_music.mp3: D:\pythontest\flappy_bird\music/game_music.mp3
INFO:root:程序启动
DEBUG:root:Resource path for music/start_music.mp3: D:\pythontest\flappy_bird\music/start_music.mp3
DEBUG:root:Resource path for sound/jump.mp3: D:\pythontest\flappy_bird\sound/jump.mp3
DEBUG:root:Resource path for sound/coin.mp3: D:\pythontest\flappy_bird\sound/coin.mp3
DEBUG:root:Resource path for sound/game_over.mp3: D:\pythontest\flappy_bird\sound/game_over.mp3
DEBUG:root:Resource path for pic/bird.png: D:\pythontest\flappy_bird\pic/bird.png
DEBUG:root:Resource path for pic/tube_up.png: D:\pythontest\flappy_bird\pic/tube_up.png
DEBUG:root:Resource path for pic/tube_down.png: D:\pythontest\flappy_bird\pic/tube_down.png
DEBUG:root:Resource path for pic/coin.png: D:\pythontest\flappy_bird\pic/coin.png
DEBUG:root:Resource path for pic/restart_button.png: D:\pythontest\flappy_bird\pic/restart_button.png
DEBUG:root:Resource path for pic/animated_background.gif: D:\pythontest\flappy_bird\pic/animated_background.gif
INFO:root:程序启动
DEBUG:root:Resource path for music/start_music.mp3: D:\pythontest\flappy_bird\music/start_music.mp3
DEBUG:root:Resource path for sound/jump.mp3: D:\pythontest\flappy_bird\sound/jump.mp3
DEBUG:root:Resource path for sound/coin.mp3: D:\pythontest\flappy_bird\sound/coin.mp3
DEBUG:root:Resource path for sound/game_over.mp3: D:\pythontest\flappy_bird\sound/game_over.mp3
DEBUG:root:Resource path for pic/bird.png: D:\pythontest\flappy_bird\pic/bird.png
DEBUG:root:Resource path for pic/tube_up.png: D:\pythontest\flappy_bird\pic/tube_up.png
DEBUG:root:Resource path for pic/tube_down.png: D:\pythontest\flappy_bird\pic/tube_down.png
DEBUG:root:Resource path for pic/coin.png: D:\pythontest\flappy_bird\pic/coin.png
DEBUG:root:Resource path for pic/restart_button.png: D:\pythontest\flappy_bird\pic/restart_button.png
DEBUG:root:Resource path for pic/animated_background.gif: D:\pythontest\flappy_bird\pic/animated_background.gif
INFO:root:程序启动
DEBUG:root:Resource path for music/start_music.mp3: D:\pythontest\flappy_bird\music/start_music.mp3
DEBUG:root:Resource path for sound/jump.mp3: D:\pythontest\flappy_bird\sound/jump.mp3
DEBUG:root:Resource path for sound/coin.mp3: D:\pythontest\flappy_bird\sound/coin.mp3
DEBUG:root:Resource path for sound/game_over.mp3: D:\pythontest\flappy_bird\sound/game_over.mp3
DEBUG:root:Resource path for pic/bird.png: D:\pythontest\flappy_bird\pic/bird.png
DEBUG:root:Resource path for pic/tube_up.png: D:\pythontest\flappy_bird\pic/tube_up.png
DEBUG:root:Resource path for pic/tube_down.png: D:\pythontest\flappy_bird\pic/tube_down.png
DEBUG:root:Resource path for pic/coin.png: D:\pythontest\flappy_bird\pic/coin.png
DEBUG:root:Resource path for pic/restart_button.png: D:\pythontest\flappy_bird\pic/restart_button.png
DEBUG:root:Resource path for pic/animated_background.gif: D:\pythontest\flappy_bird\pic/animated_background.gif
INFO:root:程序启动
DEBUG:root:Resource path for music/start_music.mp3: D:\pythontest\flappy_bird\music/start_music.mp3
DEBUG:root:Resource path for sound/jump.mp3: D:\pythontest\flappy_bird\sound/jump.mp3
DEBUG:root:Resource path for sound/coin.mp3: D:\pythontest\flappy_bird\sound/coin.mp3
DEBUG:root:Resource path for sound/game_over.mp3: D:\pythontest\flappy_bird\sound/game_over.mp3
DEBUG:root:Resource path for pic/bird.png: D:\pythontest\flappy_bird\pic/bird.png
DEBUG:root:Resource path for pic/tube_up.png: D:\pythontest\flappy_bird\pic/tube_up.png
DEBUG:root:Resource path for pic/tube_down.png: D:\pythontest\flappy_bird\pic/tube_down.png
DEBUG:root:Resource path for pic/coin.png: D:\pythontest\flappy_bird\pic/coin.png
DEBUG:root:Resource path for pic/restart_button.png: D:\pythontest\flappy_bird\pic/restart_button.png
DEBUG:root:Resource path for pic/frame1.png: D:\pythontest\flappy_bird\pic/frame1.png
DEBUG:root:Resource path for pic/frame2.png: D:\pythontest\flappy_bird\pic/frame2.png
DEBUG:root:Resource path for pic/frame3.png: D:\pythontest\flappy_bird\pic/frame3.png
DEBUG:root:Resource path for pic/start_button.png: D:\pythontest\flappy_bird\pic/start_button.png
DEBUG:root:Resource path for pic/background.png: D:\pythontest\flappy_bird\pic/background.png
INFO:root:程序启动
DEBUG:root:Resource path for music/start_music.mp3: D:\pythontest\flappy_bird\music/start_music.mp3
DEBUG:root:Resource path for sound/jump.mp3: D:\pythontest\flappy_bird\sound/jump.mp3
DEBUG:root:Resource path for sound/coin.mp3: D:\pythontest\flappy_bird\sound/coin.mp3
DEBUG:root:Resource path for sound/game_over.mp3: D:\pythontest\flappy_bird\sound/game_over.mp3
DEBUG:root:Resource path for pic/bird.png: D:\pythontest\flappy_bird\pic/bird.png
DEBUG:root:Resource path for pic/tube_up.png: D:\pythontest\flappy_bird\pic/tube_up.png
DEBUG:root:Resource path for pic/tube_down.png: D:\pythontest\flappy_bird\pic/tube_down.png
DEBUG:root:Resource path for pic/coin.png: D:\pythontest\flappy_bird\pic/coin.png
DEBUG:root:Resource path for pic/restart_button.png: D:\pythontest\flappy_bird\pic/restart_button.png
DEBUG:root:Resource path for pic/frame1.png: D:\pythontest\flappy_bird\pic/frame1.png
DEBUG:root:Resource path for pic/frame2.png: D:\pythontest\flappy_bird\pic/frame2.png
DEBUG:root:Resource path for pic/frame3.png: D:\pythontest\flappy_bird\pic/frame3.png
DEBUG:root:Resource path for pic/start_button.png: D:\pythontest\flappy_bird\pic/start_button.png
DEBUG:root:Resource path for pic/background.png: D:\pythontest\flappy_bird\pic/background.png
INFO:root:程序启动
DEBUG:root:Resource path for music/start_music.mp3: D:\pythontest\flappy_bird\music/start_music.mp3
DEBUG:root:Resource path for sound/jump.mp3: D:\pythontest\flappy_bird\sound/jump.mp3
DEBUG:root:Resource path for sound/coin.mp3: D:\pythontest\flappy_bird\sound/coin.mp3
DEBUG:root:Resource path for sound/game_over.mp3: D:\pythontest\flappy_bird\sound/game_over.mp3
DEBUG:root:Resource path for pic/bird.png: D:\pythontest\flappy_bird\pic/bird.png
DEBUG:root:Resource path for pic/tube_up.png: D:\pythontest\flappy_bird\pic/tube_up.png
DEBUG:root:Resource path for pic/tube_down.png: D:\pythontest\flappy_bird\pic/tube_down.png
DEBUG:root:Resource path for pic/coin.png: D:\pythontest\flappy_bird\pic/coin.png
DEBUG:root:Resource path for pic/restart_button.png: D:\pythontest\flappy_bird\pic/restart_button.png
DEBUG:root:Resource path for pic/frame1.png: D:\pythontest\flappy_bird\pic/frame1.png
DEBUG:root:Resource path for pic/frame2.png: D:\pythontest\flappy_bird\pic/frame2.png
DEBUG:root:Resource path for pic/frame3.png: D:\pythontest\flappy_bird\pic/frame3.png
DEBUG:root:Resource path for pic/start_button.png: D:\pythontest\flappy_bird\pic/start_button.png
DEBUG:root:Resource path for pic/background.png: D:\pythontest\flappy_bird\pic/background.png
DEBUG:root:Resource path for music/game_music.mp3: D:\pythontest\flappy_bird\music/game_music.mp3
INFO:root:程序启动
DEBUG:root:Resource path for music/start_music.mp3: D:\pythontest\flappy_bird\music/start_music.mp3
DEBUG:root:Resource path for sound/jump.mp3: D:\pythontest\flappy_bird\sound/jump.mp3
DEBUG:root:Resource path for sound/coin.mp3: D:\pythontest\flappy_bird\sound/coin.mp3
DEBUG:root:Resource path for sound/game_over.mp3: D:\pythontest\flappy_bird\sound/game_over.mp3
DEBUG:root:Resource path for pic/bird.png: D:\pythontest\flappy_bird\pic/bird.png
DEBUG:root:Resource path for pic/tube_up.png: D:\pythontest\flappy_bird\pic/tube_up.png
DEBUG:root:Resource path for pic/tube_down.png: D:\pythontest\flappy_bird\pic/tube_down.png
DEBUG:root:Resource path for pic/coin.png: D:\pythontest\flappy_bird\pic/coin.png
DEBUG:root:Resource path for pic/restart_button.png: D:\pythontest\flappy_bird\pic/restart_button.png
DEBUG:root:Resource path for pic/frame1.png: D:\pythontest\flappy_bird\pic/frame1.png
DEBUG:root:Resource path for pic/frame2.png: D:\pythontest\flappy_bird\pic/frame2.png
DEBUG:root:Resource path for pic/frame3.png: D:\pythontest\flappy_bird\pic/frame3.png
DEBUG:root:Resource path for pic/start_button.png: D:\pythontest\flappy_bird\pic/start_button.png
DEBUG:root:Resource path for pic/background.png: D:\pythontest\flappy_bird\pic/background.png
INFO:root:程序启动
DEBUG:root:Resource path for music/start_music.mp3: D:\pythontest\flappy_bird\music/start_music.mp3
DEBUG:root:Resource path for sound/jump.mp3: D:\pythontest\flappy_bird\sound/jump.mp3
DEBUG:root:Resource path for sound/coin.mp3: D:\pythontest\flappy_bird\sound/coin.mp3
DEBUG:root:Resource path for sound/game_over.mp3: D:\pythontest\flappy_bird\sound/game_over.mp3
DEBUG:root:Resource path for pic/bird.png: D:\pythontest\flappy_bird\pic/bird.png
DEBUG:root:Resource path for pic/tube_up.png: D:\pythontest\flappy_bird\pic/tube_up.png
DEBUG:root:Resource path for pic/tube_down.png: D:\pythontest\flappy_bird\pic/tube_down.png
DEBUG:root:Resource path for pic/coin.png: D:\pythontest\flappy_bird\pic/coin.png
DEBUG:root:Resource path for pic/restart_button.png: D:\pythontest\flappy_bird\pic/restart_button.png
DEBUG:root:Resource path for pic/frame1.png: D:\pythontest\flappy_bird\pic/frame1.png
DEBUG:root:Resource path for pic/frame2.png: D:\pythontest\flappy_bird\pic/frame2.png
DEBUG:root:Resource path for pic/frame3.png: D:\pythontest\flappy_bird\pic/frame3.png
DEBUG:root:Resource path for pic/start_button.png: D:\pythontest\flappy_bird\pic/start_button.png
DEBUG:root:Resource path for pic/background.png: D:\pythontest\flappy_bird\pic/background.png
DEBUG:root:Resource path for music/game_music.mp3: D:\pythontest\flappy_bird\music/game_music.mp3
INFO:root:程序启动
DEBUG:root:Resource path for music/start_music.mp3: D:\pythontest\flappy_bird\music/start_music.mp3
DEBUG:root:Resource path for sound/jump.mp3: D:\pythontest\flappy_bird\sound/jump.mp3
DEBUG:root:Resource path for sound/coin.mp3: D:\pythontest\flappy_bird\sound/coin.mp3
DEBUG:root:Resource path for sound/game_over.mp3: D:\pythontest\flappy_bird\sound/game_over.mp3
DEBUG:root:Resource path for pic/bird.png: D:\pythontest\flappy_bird\pic/bird.png
DEBUG:root:Resource path for pic/tube_up.png: D:\pythontest\flappy_bird\pic/tube_up.png
DEBUG:root:Resource path for pic/tube_down.png: D:\pythontest\flappy_bird\pic/tube_down.png
DEBUG:root:Resource path for pic/coin.png: D:\pythontest\flappy_bird\pic/coin.png
DEBUG:root:Resource path for pic/restart_button.png: D:\pythontest\flappy_bird\pic/restart_button.png
DEBUG:root:Resource path for pic/frame1.png: D:\pythontest\flappy_bird\pic/frame1.png
DEBUG:root:Resource path for pic/frame2.png: D:\pythontest\flappy_bird\pic/frame2.png
DEBUG:root:Resource path for pic/frame3.png: D:\pythontest\flappy_bird\pic/frame3.png
DEBUG:root:Resource path for pic/start_button.png: D:\pythontest\flappy_bird\pic/start_button.png
DEBUG:root:Resource path for pic/background.png: D:\pythontest\flappy_bird\pic/background.png
INFO:root:程序启动
DEBUG:root:Resource path for music/start_music.mp3: D:\pythontest\flappy_bird\music/start_music.mp3
DEBUG:root:Resource path for sound/jump.mp3: D:\pythontest\flappy_bird\sound/jump.mp3
DEBUG:root:Resource path for sound/coin.mp3: D:\pythontest\flappy_bird\sound/coin.mp3
DEBUG:root:Resource path for sound/game_over.mp3: D:\pythontest\flappy_bird\sound/game_over.mp3
DEBUG:root:Resource path for pic/bird.png: D:\pythontest\flappy_bird\pic/bird.png
DEBUG:root:Resource path for pic/tube_up.png: D:\pythontest\flappy_bird\pic/tube_up.png
DEBUG:root:Resource path for pic/tube_down.png: D:\pythontest\flappy_bird\pic/tube_down.png
DEBUG:root:Resource path for pic/coin.png: D:\pythontest\flappy_bird\pic/coin.png
DEBUG:root:Resource path for pic/restart_button.png: D:\pythontest\flappy_bird\pic/restart_button.png
DEBUG:root:Resource path for pic/frame1.png: D:\pythontest\flappy_bird\pic/frame1.png
DEBUG:root:Resource path for pic/frame2.png: D:\pythontest\flappy_bird\pic/frame2.png
DEBUG:root:Resource path for pic/frame3.png: D:\pythontest\flappy_bird\pic/frame3.png
DEBUG:root:Resource path for pic/start_button.png: D:\pythontest\flappy_bird\pic/start_button.png
DEBUG:root:Resource path for pic/background.png: D:\pythontest\flappy_bird\pic/background.png
INFO:root:程序启动
DEBUG:root:Resource path for music/start_music.mp3: D:\pythontest\flappy_bird\music/start_music.mp3
DEBUG:root:Resource path for sound/jump.mp3: D:\pythontest\flappy_bird\sound/jump.mp3
DEBUG:root:Resource path for sound/coin.mp3: D:\pythontest\flappy_bird\sound/coin.mp3
DEBUG:root:Resource path for sound/game_over.mp3: D:\pythontest\flappy_bird\sound/game_over.mp3
DEBUG:root:Resource path for pic/bird.png: D:\pythontest\flappy_bird\pic/bird.png
DEBUG:root:Resource path for pic/tube_up.png: D:\pythontest\flappy_bird\pic/tube_up.png
DEBUG:root:Resource path for pic/tube_down.png: D:\pythontest\flappy_bird\pic/tube_down.png
DEBUG:root:Resource path for pic/coin.png: D:\pythontest\flappy_bird\pic/coin.png
DEBUG:root:Resource path for pic/restart_button.png: D:\pythontest\flappy_bird\pic/restart_button.png
DEBUG:root:Resource path for pic/frame1.png: D:\pythontest\flappy_bird\pic/frame1.png
DEBUG:root:Resource path for pic/frame2.png: D:\pythontest\flappy_bird\pic/frame2.png
DEBUG:root:Resource path for pic/frame3.png: D:\pythontest\flappy_bird\pic/frame3.png
DEBUG:root:Resource path for pic/start_button.png: D:\pythontest\flappy_bird\pic/start_button.png
DEBUG:root:Resource path for pic/background.png: D:\pythontest\flappy_bird\pic/background.png
INFO:root:程序启动
DEBUG:root:Resource path for music/start_music.mp3: D:\pythontest\flappy_bird\music/start_music.mp3
DEBUG:root:Resource path for sound/jump.mp3: D:\pythontest\flappy_bird\sound/jump.mp3
DEBUG:root:Resource path for sound/coin.mp3: D:\pythontest\flappy_bird\sound/coin.mp3
DEBUG:root:Resource path for sound/game_over.mp3: D:\pythontest\flappy_bird\sound/game_over.mp3
DEBUG:root:Resource path for pic/bird.png: D:\pythontest\flappy_bird\pic/bird.png
DEBUG:root:Resource path for pic/tube_up.png: D:\pythontest\flappy_bird\pic/tube_up.png
DEBUG:root:Resource path for pic/tube_down.png: D:\pythontest\flappy_bird\pic/tube_down.png
DEBUG:root:Resource path for pic/coin.png: D:\pythontest\flappy_bird\pic/coin.png
DEBUG:root:Resource path for pic/restart_button.png: D:\pythontest\flappy_bird\pic/restart_button.png
DEBUG:root:Resource path for pic/frame1.png: D:\pythontest\flappy_bird\pic/frame1.png
DEBUG:root:Resource path for pic/frame2.png: D:\pythontest\flappy_bird\pic/frame2.png
DEBUG:root:Resource path for pic/frame3.png: D:\pythontest\flappy_bird\pic/frame3.png
DEBUG:root:Resource path for pic/frame4.png: D:\pythontest\flappy_bird\pic/frame4.png
DEBUG:root:Resource path for pic/start_button.png: D:\pythontest\flappy_bird\pic/start_button.png
DEBUG:root:Resource path for pic/background.png: D:\pythontest\flappy_bird\pic/background.png
INFO:root:程序启动
DEBUG:root:Resource path for music/start_music.mp3: D:\pythontest\flappy_bird\music/start_music.mp3
DEBUG:root:Resource path for sound/jump.mp3: D:\pythontest\flappy_bird\sound/jump.mp3
DEBUG:root:Resource path for sound/coin.mp3: D:\pythontest\flappy_bird\sound/coin.mp3
DEBUG:root:Resource path for sound/game_over.mp3: D:\pythontest\flappy_bird\sound/game_over.mp3
DEBUG:root:Resource path for pic/bird.png: D:\pythontest\flappy_bird\pic/bird.png
DEBUG:root:Resource path for pic/tube_up.png: D:\pythontest\flappy_bird\pic/tube_up.png
DEBUG:root:Resource path for pic/tube_down.png: D:\pythontest\flappy_bird\pic/tube_down.png
DEBUG:root:Resource path for pic/coin.png: D:\pythontest\flappy_bird\pic/coin.png
DEBUG:root:Resource path for pic/restart_button.png: D:\pythontest\flappy_bird\pic/restart_button.png
DEBUG:root:Resource path for pic/frame1.png: D:\pythontest\flappy_bird\pic/frame1.png
DEBUG:root:Resource path for pic/frame2.png: D:\pythontest\flappy_bird\pic/frame2.png
DEBUG:root:Resource path for pic/frame3.png: D:\pythontest\flappy_bird\pic/frame3.png
DEBUG:root:Resource path for pic/start_button.png: D:\pythontest\flappy_bird\pic/start_button.png
DEBUG:root:Resource path for pic/background.png: D:\pythontest\flappy_bird\pic/background.png
DEBUG:root:Resource path for music/game_music.mp3: D:\pythontest\flappy_bird\music/game_music.mp3
INFO:root:程序启动
DEBUG:root:Resource path for music/start_music.mp3: D:\pythontest\flappy_bird\music/start_music.mp3
DEBUG:root:Resource path for sound/jump.mp3: D:\pythontest\flappy_bird\sound/jump.mp3
DEBUG:root:Resource path for sound/coin.mp3: D:\pythontest\flappy_bird\sound/coin.mp3
DEBUG:root:Resource path for sound/game_over.mp3: D:\pythontest\flappy_bird\sound/game_over.mp3
DEBUG:root:Resource path for pic/bird.png: D:\pythontest\flappy_bird\pic/bird.png
DEBUG:root:Resource path for pic/tube_up.png: D:\pythontest\flappy_bird\pic/tube_up.png
DEBUG:root:Resource path for pic/tube_down.png: D:\pythontest\flappy_bird\pic/tube_down.png
DEBUG:root:Resource path for pic/coin.png: D:\pythontest\flappy_bird\pic/coin.png
DEBUG:root:Resource path for pic/restart_button.png: D:\pythontest\flappy_bird\pic/restart_button.png
DEBUG:root:Resource path for pic/frame1.png: D:\pythontest\flappy_bird\pic/frame1.png
DEBUG:root:Resource path for pic/frame2.png: D:\pythontest\flappy_bird\pic/frame2.png
DEBUG:root:Resource path for pic/frame3.png: D:\pythontest\flappy_bird\pic/frame3.png
DEBUG:root:Resource path for pic/start_button.png: D:\pythontest\flappy_bird\pic/start_button.png
DEBUG:root:Resource path for pic/background.png: D:\pythontest\flappy_bird\pic/background.png
INFO:root:程序启动
DEBUG:root:Resource path for music/start_music.mp3: D:\pythontest\flappy_bird\music/start_music.mp3
DEBUG:root:Resource path for sound/jump.mp3: D:\pythontest\flappy_bird\sound/jump.mp3
DEBUG:root:Resource path for sound/coin.mp3: D:\pythontest\flappy_bird\sound/coin.mp3
DEBUG:root:Resource path for sound/game_over.mp3: D:\pythontest\flappy_bird\sound/game_over.mp3
DEBUG:root:Resource path for pic/bird.png: D:\pythontest\flappy_bird\pic/bird.png
DEBUG:root:Resource path for pic/tube_up.png: D:\pythontest\flappy_bird\pic/tube_up.png
DEBUG:root:Resource path for pic/tube_down.png: D:\pythontest\flappy_bird\pic/tube_down.png
DEBUG:root:Resource path for pic/coin.png: D:\pythontest\flappy_bird\pic/coin.png
DEBUG:root:Resource path for pic/restart_button.png: D:\pythontest\flappy_bird\pic/restart_button.png
DEBUG:root:Resource path for pic/frame1.png: D:\pythontest\flappy_bird\pic/frame1.png
DEBUG:root:Resource path for pic/frame2.png: D:\pythontest\flappy_bird\pic/frame2.png
DEBUG:root:Resource path for pic/frame3.png: D:\pythontest\flappy_bird\pic/frame3.png
DEBUG:root:Resource path for pic/start_button.png: D:\pythontest\flappy_bird\pic/start_button.png
DEBUG:root:Resource path for pic/background.png: D:\pythontest\flappy_bird\pic/background.png
DEBUG:root:Resource path for music/game_music.mp3: D:\pythontest\flappy_bird\music/game_music.mp3
INFO:root:程序启动
DEBUG:root:Resource path for music/start_music.mp3: D:\pythontest\flappy_bird\music/start_music.mp3
DEBUG:root:Resource path for sound/jump.mp3: D:\pythontest\flappy_bird\sound/jump.mp3
DEBUG:root:Resource path for sound/coin.mp3: D:\pythontest\flappy_bird\sound/coin.mp3
DEBUG:root:Resource path for sound/game_over.mp3: D:\pythontest\flappy_bird\sound/game_over.mp3
DEBUG:root:Resource path for pic/bird.png: D:\pythontest\flappy_bird\pic/bird.png
DEBUG:root:Resource path for pic/tube_up.png: D:\pythontest\flappy_bird\pic/tube_up.png
DEBUG:root:Resource path for pic/tube_down.png: D:\pythontest\flappy_bird\pic/tube_down.png
DEBUG:root:Resource path for pic/coin.png: D:\pythontest\flappy_bird\pic/coin.png
DEBUG:root:Resource path for pic/restart_button.png: D:\pythontest\flappy_bird\pic/restart_button.png
DEBUG:root:Resource path for pic/frame1.png: D:\pythontest\flappy_bird\pic/frame1.png
DEBUG:root:Resource path for pic/frame2.png: D:\pythontest\flappy_bird\pic/frame2.png
DEBUG:root:Resource path for pic/frame3.png: D:\pythontest\flappy_bird\pic/frame3.png
DEBUG:root:Resource path for pic/start_button.png: D:\pythontest\flappy_bird\pic/start_button.png
DEBUG:root:Resource path for pic/background.png: D:\pythontest\flappy_bird\pic/background.png
DEBUG:root:Resource path for music/game_music.mp3: D:\pythontest\flappy_bird\music/game_music.mp3
INFO:root:程序启动
DEBUG:root:Resource path for music/start_music.mp3: D:\pythontest\flappy_bird\music/start_music.mp3
DEBUG:root:Resource path for sound/jump.mp3: D:\pythontest\flappy_bird\sound/jump.mp3
DEBUG:root:Resource path for sound/coin.mp3: D:\pythontest\flappy_bird\sound/coin.mp3
DEBUG:root:Resource path for sound/game_over.mp3: D:\pythontest\flappy_bird\sound/game_over.mp3
DEBUG:root:Resource path for pic/bird.png: D:\pythontest\flappy_bird\pic/bird.png
DEBUG:root:Resource path for pic/tube_up.png: D:\pythontest\flappy_bird\pic/tube_up.png
DEBUG:root:Resource path for pic/tube_down.png: D:\pythontest\flappy_bird\pic/tube_down.png
DEBUG:root:Resource path for pic/coin.png: D:\pythontest\flappy_bird\pic/coin.png
DEBUG:root:Resource path for pic/chest.png: D:\pythontest\flappy_bird\pic/chest.png
DEBUG:root:Resource path for pic/wand.png: D:\pythontest\flappy_bird\pic/wand.png
DEBUG:root:Resource path for pic/restart_button.png: D:\pythontest\flappy_bird\pic/restart_button.png
DEBUG:root:Resource path for pic/frame1.png: D:\pythontest\flappy_bird\pic/frame1.png
DEBUG:root:Resource path for pic/frame2.png: D:\pythontest\flappy_bird\pic/frame2.png
DEBUG:root:Resource path for pic/frame3.png: D:\pythontest\flappy_bird\pic/frame3.png
DEBUG:root:Resource path for pic/start_button.png: D:\pythontest\flappy_bird\pic/start_button.png
DEBUG:root:Resource path for pic/background.png: D:\pythontest\flappy_bird\pic/background.png
DEBUG:root:Resource path for music/game_music.mp3: D:\pythontest\flappy_bird\music/game_music.mp3
INFO:root:程序启动
DEBUG:root:Resource path for music/start_music.mp3: D:\pythontest\flappy_bird\music/start_music.mp3
DEBUG:root:Resource path for sound/jump.mp3: D:\pythontest\flappy_bird\sound/jump.mp3
DEBUG:root:Resource path for sound/coin.mp3: D:\pythontest\flappy_bird\sound/coin.mp3
DEBUG:root:Resource path for sound/game_over.mp3: D:\pythontest\flappy_bird\sound/game_over.mp3
DEBUG:root:Resource path for pic/bird.png: D:\pythontest\flappy_bird\pic/bird.png
DEBUG:root:Resource path for pic/tube_up.png: D:\pythontest\flappy_bird\pic/tube_up.png
DEBUG:root:Resource path for pic/tube_down.png: D:\pythontest\flappy_bird\pic/tube_down.png
DEBUG:root:Resource path for pic/coin.png: D:\pythontest\flappy_bird\pic/coin.png
DEBUG:root:Resource path for pic/chest.png: D:\pythontest\flappy_bird\pic/chest.png
DEBUG:root:Resource path for pic/wand.png: D:\pythontest\flappy_bird\pic/wand.png
DEBUG:root:Resource path for pic/restart_button.png: D:\pythontest\flappy_bird\pic/restart_button.png
DEBUG:root:Resource path for pic/frame1.png: D:\pythontest\flappy_bird\pic/frame1.png
DEBUG:root:Resource path for pic/frame2.png: D:\pythontest\flappy_bird\pic/frame2.png
DEBUG:root:Resource path for pic/frame3.png: D:\pythontest\flappy_bird\pic/frame3.png
DEBUG:root:Resource path for pic/start_button.png: D:\pythontest\flappy_bird\pic/start_button.png
DEBUG:root:Resource path for pic/background.png: D:\pythontest\flappy_bird\pic/background.png
DEBUG:root:Resource path for music/game_music.mp3: D:\pythontest\flappy_bird\music/game_music.mp3
INFO:root:程序启动
DEBUG:root:Resource path for music/start_music.mp3: D:\pythontest\flappy_bird\music/start_music.mp3
DEBUG:root:Resource path for sound/jump.mp3: D:\pythontest\flappy_bird\sound/jump.mp3
DEBUG:root:Resource path for sound/coin.mp3: D:\pythontest\flappy_bird\sound/coin.mp3
DEBUG:root:Resource path for sound/game_over.mp3: D:\pythontest\flappy_bird\sound/game_over.mp3
DEBUG:root:Resource path for pic/bird.png: D:\pythontest\flappy_bird\pic/bird.png
DEBUG:root:Resource path for pic/tube_up.png: D:\pythontest\flappy_bird\pic/tube_up.png
DEBUG:root:Resource path for pic/tube_down.png: D:\pythontest\flappy_bird\pic/tube_down.png
DEBUG:root:Resource path for pic/coin.png: D:\pythontest\flappy_bird\pic/coin.png
DEBUG:root:Resource path for pic/chest.png: D:\pythontest\flappy_bird\pic/chest.png
DEBUG:root:Resource path for pic/wand.png: D:\pythontest\flappy_bird\pic/wand.png
DEBUG:root:Resource path for pic/restart_button.png: D:\pythontest\flappy_bird\pic/restart_button.png
DEBUG:root:Resource path for pic/frame1.png: D:\pythontest\flappy_bird\pic/frame1.png
DEBUG:root:Resource path for pic/frame2.png: D:\pythontest\flappy_bird\pic/frame2.png
DEBUG:root:Resource path for pic/frame3.png: D:\pythontest\flappy_bird\pic/frame3.png
DEBUG:root:Resource path for pic/start_button.png: D:\pythontest\flappy_bird\pic/start_button.png
DEBUG:root:Resource path for pic/background.png: D:\pythontest\flappy_bird\pic/background.png
DEBUG:root:Resource path for music/game_music.mp3: D:\pythontest\flappy_bird\music/game_music.mp3
