INFO:root:程序启动
DEBUG:root:Resource path for music/start_music.mp3: C:\Users\大金\AppData\Local\Temp\_MEI310082\music/start_music.mp3
INFO:root:程序启动
DEBUG:root:Resource path for music/start_music.mp3: C:\Users\大金\AppData\Local\Temp\_MEI357882\music/start_music.mp3
DEBUG:root:Resource path for sound/jump.mp3: C:\Users\大金\AppData\Local\Temp\_MEI357882\sound/jump.mp3
DEBUG:root:Resource path for sound/coin.mp3: C:\Users\大金\AppData\Local\Temp\_MEI357882\sound/coin.mp3
DEBUG:root:Resource path for sound/game_over.mp3: C:\Users\大金\AppData\Local\Temp\_MEI357882\sound/game_over.mp3
DEBUG:root:Resource path for pic/bird.png: C:\Users\大金\AppData\Local\Temp\_MEI357882\pic/bird.png
DEBUG:root:Resource path for pic/tube_up.png: C:\Users\大金\AppData\Local\Temp\_MEI357882\pic/tube_up.png
DEBUG:root:Resource path for pic/tube_down.png: C:\Users\大金\AppData\Local\Temp\_MEI357882\pic/tube_down.png
DEBUG:root:Resource path for pic/coin.png: C:\Users\大金\AppData\Local\Temp\_MEI357882\pic/coin.png
DEBUG:root:Resource path for pic/restart_button.png: C:\Users\大金\AppData\Local\Temp\_MEI357882\pic/restart_button.png
DEBUG:root:Resource path for pic/frame1.png: C:\Users\大金\AppData\Local\Temp\_MEI357882\pic/frame1.png
DEBUG:root:Resource path for pic/frame2.png: C:\Users\大金\AppData\Local\Temp\_MEI357882\pic/frame2.png
DEBUG:root:Resource path for pic/frame3.png: C:\Users\大金\AppData\Local\Temp\_MEI357882\pic/frame3.png
DEBUG:root:Resource path for pic/start_button.png: C:\Users\大金\AppData\Local\Temp\_MEI357882\pic/start_button.png
DEBUG:root:Resource path for pic/background.png: C:\Users\大金\AppData\Local\Temp\_MEI357882\pic/background.png
DEBUG:root:Resource path for music/game_music.mp3: C:\Users\大金\AppData\Local\Temp\_MEI357882\music/game_music.mp3
INFO:root:程序启动
DEBUG:root:Resource path for music/start_music.mp3: C:\Users\大金\AppData\Local\Temp\_MEI337602\music/start_music.mp3
DEBUG:root:Resource path for sound/jump.mp3: C:\Users\大金\AppData\Local\Temp\_MEI337602\sound/jump.mp3
DEBUG:root:Resource path for sound/coin.mp3: C:\Users\大金\AppData\Local\Temp\_MEI337602\sound/coin.mp3
DEBUG:root:Resource path for sound/game_over.mp3: C:\Users\大金\AppData\Local\Temp\_MEI337602\sound/game_over.mp3
DEBUG:root:Resource path for pic/bird.png: C:\Users\大金\AppData\Local\Temp\_MEI337602\pic/bird.png
DEBUG:root:Resource path for pic/tube_up.png: C:\Users\大金\AppData\Local\Temp\_MEI337602\pic/tube_up.png
DEBUG:root:Resource path for pic/tube_down.png: C:\Users\大金\AppData\Local\Temp\_MEI337602\pic/tube_down.png
DEBUG:root:Resource path for pic/coin.png: C:\Users\大金\AppData\Local\Temp\_MEI337602\pic/coin.png
DEBUG:root:Resource path for pic/restart_button.png: C:\Users\大金\AppData\Local\Temp\_MEI337602\pic/restart_button.png
DEBUG:root:Resource path for pic/frame1.png: C:\Users\大金\AppData\Local\Temp\_MEI337602\pic/frame1.png
DEBUG:root:Resource path for pic/frame2.png: C:\Users\大金\AppData\Local\Temp\_MEI337602\pic/frame2.png
DEBUG:root:Resource path for pic/frame3.png: C:\Users\大金\AppData\Local\Temp\_MEI337602\pic/frame3.png
DEBUG:root:Resource path for pic/start_button.png: C:\Users\大金\AppData\Local\Temp\_MEI337602\pic/start_button.png
DEBUG:root:Resource path for pic/background.png: C:\Users\大金\AppData\Local\Temp\_MEI337602\pic/background.png
DEBUG:root:Resource path for music/game_music.mp3: C:\Users\大金\AppData\Local\Temp\_MEI337602\music/game_music.mp3
INFO:root:程序启动
DEBUG:root:Resource path for music/start_music.mp3: C:\Users\大金\AppData\Local\Temp\_MEI67682\music/start_music.mp3
DEBUG:root:Resource path for sound/jump.mp3: C:\Users\大金\AppData\Local\Temp\_MEI67682\sound/jump.mp3
DEBUG:root:Resource path for sound/coin.mp3: C:\Users\大金\AppData\Local\Temp\_MEI67682\sound/coin.mp3
DEBUG:root:Resource path for sound/game_over.mp3: C:\Users\大金\AppData\Local\Temp\_MEI67682\sound/game_over.mp3
DEBUG:root:Resource path for pic/bird.png: C:\Users\大金\AppData\Local\Temp\_MEI67682\pic/bird.png
DEBUG:root:Resource path for pic/tube_up.png: C:\Users\大金\AppData\Local\Temp\_MEI67682\pic/tube_up.png
DEBUG:root:Resource path for pic/tube_down.png: C:\Users\大金\AppData\Local\Temp\_MEI67682\pic/tube_down.png
DEBUG:root:Resource path for pic/coin.png: C:\Users\大金\AppData\Local\Temp\_MEI67682\pic/coin.png
DEBUG:root:Resource path for pic/restart_button.png: C:\Users\大金\AppData\Local\Temp\_MEI67682\pic/restart_button.png
DEBUG:root:Resource path for pic/frame1.png: C:\Users\大金\AppData\Local\Temp\_MEI67682\pic/frame1.png
DEBUG:root:Resource path for pic/frame2.png: C:\Users\大金\AppData\Local\Temp\_MEI67682\pic/frame2.png
DEBUG:root:Resource path for pic/frame3.png: C:\Users\大金\AppData\Local\Temp\_MEI67682\pic/frame3.png
DEBUG:root:Resource path for pic/start_button.png: C:\Users\大金\AppData\Local\Temp\_MEI67682\pic/start_button.png
DEBUG:root:Resource path for pic/background.png: C:\Users\大金\AppData\Local\Temp\_MEI67682\pic/background.png
INFO:root:程序启动
DEBUG:root:Resource path for music/start_music.mp3: C:\Users\大金\AppData\Local\Temp\_MEI282642\music/start_music.mp3
DEBUG:root:Resource path for sound/jump.mp3: C:\Users\大金\AppData\Local\Temp\_MEI282642\sound/jump.mp3
DEBUG:root:Resource path for sound/coin.mp3: C:\Users\大金\AppData\Local\Temp\_MEI282642\sound/coin.mp3
DEBUG:root:Resource path for sound/game_over.mp3: C:\Users\大金\AppData\Local\Temp\_MEI282642\sound/game_over.mp3
DEBUG:root:Resource path for pic/bird.png: C:\Users\大金\AppData\Local\Temp\_MEI282642\pic/bird.png
DEBUG:root:Resource path for pic/tube_up.png: C:\Users\大金\AppData\Local\Temp\_MEI282642\pic/tube_up.png
DEBUG:root:Resource path for pic/tube_down.png: C:\Users\大金\AppData\Local\Temp\_MEI282642\pic/tube_down.png
DEBUG:root:Resource path for pic/coin.png: C:\Users\大金\AppData\Local\Temp\_MEI282642\pic/coin.png
DEBUG:root:Resource path for pic/restart_button.png: C:\Users\大金\AppData\Local\Temp\_MEI282642\pic/restart_button.png
DEBUG:root:Resource path for pic/frame1.png: C:\Users\大金\AppData\Local\Temp\_MEI282642\pic/frame1.png
DEBUG:root:Resource path for pic/frame2.png: C:\Users\大金\AppData\Local\Temp\_MEI282642\pic/frame2.png
DEBUG:root:Resource path for pic/frame3.png: C:\Users\大金\AppData\Local\Temp\_MEI282642\pic/frame3.png
DEBUG:root:Resource path for pic/start_button.png: C:\Users\大金\AppData\Local\Temp\_MEI282642\pic/start_button.png
DEBUG:root:Resource path for pic/background.png: C:\Users\大金\AppData\Local\Temp\_MEI282642\pic/background.png
DEBUG:root:Resource path for music/game_music.mp3: C:\Users\大金\AppData\Local\Temp\_MEI282642\music/game_music.mp3
INFO:root:程序启动
DEBUG:root:Resource path for music/start_music.mp3: C:\Users\大金\AppData\Local\Temp\_MEI14282\music/start_music.mp3
INFO:root:程序启动
DEBUG:root:Resource path for music/start_music.mp3: C:\Users\大金\AppData\Local\Temp\_MEI232642\music/start_music.mp3
INFO:root:程序启动
DEBUG:root:Resource path for music/start_music.mp3: C:\Users\大金\AppData\Local\Temp\_MEI283002\music/start_music.mp3
DEBUG:root:Resource path for sound/jump.mp3: C:\Users\大金\AppData\Local\Temp\_MEI283002\sound/jump.mp3
DEBUG:root:Resource path for sound/coin.mp3: C:\Users\大金\AppData\Local\Temp\_MEI283002\sound/coin.mp3
DEBUG:root:Resource path for sound/game_over.mp3: C:\Users\大金\AppData\Local\Temp\_MEI283002\sound/game_over.mp3
DEBUG:root:Resource path for pic/bird.png: C:\Users\大金\AppData\Local\Temp\_MEI283002\pic/bird.png
DEBUG:root:Resource path for pic/tube_up.png: C:\Users\大金\AppData\Local\Temp\_MEI283002\pic/tube_up.png
DEBUG:root:Resource path for pic/tube_down.png: C:\Users\大金\AppData\Local\Temp\_MEI283002\pic/tube_down.png
DEBUG:root:Resource path for pic/coin.png: C:\Users\大金\AppData\Local\Temp\_MEI283002\pic/coin.png
DEBUG:root:Resource path for pic/restart_button.png: C:\Users\大金\AppData\Local\Temp\_MEI283002\pic/restart_button.png
DEBUG:root:Resource path for pic/frame1.png: C:\Users\大金\AppData\Local\Temp\_MEI283002\pic/frame1.png
DEBUG:root:Resource path for pic/frame2.png: C:\Users\大金\AppData\Local\Temp\_MEI283002\pic/frame2.png
DEBUG:root:Resource path for pic/frame3.png: C:\Users\大金\AppData\Local\Temp\_MEI283002\pic/frame3.png
DEBUG:root:Resource path for pic/start_button.png: C:\Users\大金\AppData\Local\Temp\_MEI283002\pic/start_button.png
DEBUG:root:Resource path for pic/background.png: C:\Users\大金\AppData\Local\Temp\_MEI283002\pic/background.png
DEBUG:root:Resource path for music/game_music.mp3: C:\Users\大金\AppData\Local\Temp\_MEI283002\music/game_music.mp3
